<?xml version="1.0" encoding="UTF-8"?>
<testng-results ignored="0" total="1" passed="1" failed="0" skipped="0">
  <reporter-output>
  </reporter-output>
  <suite started-at="2024-03-07T20:09:25 IST" name="Suite" finished-at="2024-03-07T20:10:10 IST" duration-ms="44600">
    <groups>
    </groups>
    <test started-at="2024-03-07T20:09:25 IST" name="Test" finished-at="2024-03-07T20:10:10 IST" duration-ms="44600">
      <class name="com.inetbanking.testCases.TC1_Login">
        <test-method is-config="true" signature="setup()[pri:0, instance:com.inetbanking.testCases.TC1_Login@18f8cd79]" started-at="2024-03-07T20:09:26 IST" name="setup" finished-at="2024-03-07T20:09:28 IST" duration-ms="2316" status="PASS">
          <reporter-output>
          </reporter-output>
        </test-method> <!-- setup -->
        <test-method signature="LoginTest()[pri:0, instance:com.inetbanking.testCases.TC1_Login@18f8cd79]" started-at="2024-03-07T20:09:28 IST" name="LoginTest" finished-at="2024-03-07T20:10:09 IST" duration-ms="41174" status="PASS">
          <reporter-output>
          </reporter-output>
        </test-method> <!-- LoginTest -->
        <test-method is-config="true" signature="tearDown()[pri:0, instance:com.inetbanking.testCases.TC1_Login@18f8cd79]" started-at="2024-03-07T20:10:09 IST" name="tearDown" finished-at="2024-03-07T20:10:10 IST" duration-ms="775" status="PASS">
          <reporter-output>
          </reporter-output>
        </test-method> <!-- tearDown -->
      </class> <!-- com.inetbanking.testCases.TC1_Login -->
    </test> <!-- Test -->
  </suite> <!-- Suite -->
</testng-results>
